Jul 13 16:20 : exception: Failed to open '/home/lloiseau/.config/mpd/state': No such file or directory
Jul 13 16:20 : update: added synthwave/biodrive/Biodrive - Stay in the 80's - 03 Sunset Beach 1984.flac
Jul 13 16:20 : update: added synthwave/biodrive/Biodrive - Stay in the 80's - 05 Neon City.flac
Jul 13 16:20 : update: added synthwave/biodrive/Biodrive - Stay in the 80's - 01 Midnight Affair.flac
Jul 13 16:20 : update: added synthwave/biodrive/Biodrive - Stay in the 80's - 09 Waves of August.flac
Jul 13 16:20 : update: added synthwave/biodrive/Biodrive - Stay in the 80's - 02 Reaching Perfection.flac
Jul 13 16:20 : update: added synthwave/biodrive/Biodrive - Stay in the 80's - 04 Highway Run.flac
Jul 13 16:20 : update: added synthwave/biodrive/Biodrive - Stay in the 80's - 06 Revenge.flac
Jul 13 16:20 : update: added synthwave/biodrive/Biodrive - Stay in the 80's - 08 Psychopath.flac
Jul 13 16:20 : update: added synthwave/biodrive/Biodrive - Stay in the 80's - 07 Sixth Gear.flac
Jul 13 16:20 : update: added synthwave/lueur_verte/Lueur Verte - Crystalica - EP - 05 Frozen Tears.flac
Jul 13 16:20 : update: added synthwave/lueur_verte/Lueur Verte - Crystalica - EP - 04 Onyx Noir.flac
Jul 13 16:20 : update: added synthwave/lueur_verte/Lueur Verte - Crystalica - EP - 02 Crystalica.flac
Jul 13 16:20 : update: added synthwave/lueur_verte/Lueur Verte - Crystalica - EP - 01 Lueur Verte's Theme.flac
Jul 13 16:20 : update: added synthwave/lueur_verte/Lueur Verte - Crystalica - EP - 03 Emerald Rising.flac
Jul 13 16:20 : update: added chiptune/vario/Savant - Vario - 12 Heart Shaped Mushroom Cloud.flac
Jul 13 16:20 : update: added chiptune/vario/Savant - Vario - 08 Antipixel.flac
Jul 13 16:20 : update: added chiptune/vario/Savant - Vario - 01 Splinter.flac
Jul 13 16:20 : update: added chiptune/vario/Savant - Vario - 15 Fuck Nexus.flac
Jul 13 16:20 : update: added chiptune/vario/Savant - Vario - 02 Vario.flac
Jul 13 16:20 : update: added chiptune/vario/Savant - Vario - 03 Living iPod.flac
Jul 13 16:20 : update: added chiptune/vario/Savant - Vario - 16 Thunderclout.flac
Jul 13 16:20 : update: added chiptune/vario/Savant - Vario - 10 Party Machine.flac
Jul 13 16:20 : update: added chiptune/vario/Savant - Vario - 14 Trust Issues.flac
Jul 13 16:20 : update: added chiptune/vario/Savant - Vario - 13 Burgertime.flac
Jul 13 16:20 : update: added chiptune/vario/Savant - Vario - 04 Mecha Blecka.flac
Jul 13 16:20 : update: added chiptune/vario/Savant - Vario - 07 Hero From The Past.flac
Jul 13 16:20 : update: added chiptune/vario/Savant - Vario - 06 Stormtrooper.flac
Jul 13 16:20 : update: added chiptune/vario/Savant - Vario - 09 Ba-da Bing!.flac
Jul 13 16:20 : update: added chiptune/vario/Savant - Vario - 11 Champagne.flac
Jul 13 16:20 : update: added chiptune/vario/Savant, Qwentalis - Vario - 05 Shadow (Feat. Qwentalis).flac
Jul 13 16:20 : update: added classique/mozart/The Best of Mozart - 003 3. Eine Kleine Nachtmusik, K. 525 - III. Menuetto - Allegretto.Budapest Scoring Symphonic Orchestra [Rb0UmrCXxVA].mp3
Jul 13 16:20 : update: added classique/mozart/The Best of Mozart - 012 12. String Quartet No. 20 in D major, K. 499 - II. Menuetto and Trio. Allegretto.Accord quartet [Rb0UmrCXxVA].mp3
Jul 13 16:20 : update: added classique/mozart/The Best of Mozart - 013 13. Violin Sonata No. 26 in B-flat major, K. 378 - III. Rondo. Allegro.Accord quartet [Rb0UmrCXxVA].mp3
Jul 13 16:20 : update: added classique/mozart/The Best of Mozart - 005 5. Symphony No 35 in D major, K. 385 (Haffner Symphony) - I. Allegro con spirito.Budapest Scoring Symphonic Orchestra [Rb0UmrCXxVA].mp3
Jul 13 16:20 : update: added classique/mozart/The Best of Mozart - 011 11. String Quartet No. 23 in F major, K. 590 - IV. Allegro.Accord quartet [Rb0UmrCXxVA].mp3
Jul 13 16:20 : update: added classique/mozart/The Best of Mozart - 009 9. The Marriage of Figaro - Overture.Budapest Scoring Symphonic Orchestra [Rb0UmrCXxVA].mp3
Jul 13 16:20 : update: added classique/mozart/The Best of Mozart - 004 4. Eine Kleine Nachtmusik, K. 525 - IV. Rondo - Allegro.Budapest Scoring Symphonic Orchestra [Rb0UmrCXxVA].mp3
Jul 13 16:20 : update: added classique/mozart/The Best of Mozart - 019 19. Flute Concerto No. 2 in D major, K. 314 - II. Adagio non troppo.Budapest Scoring Symphonic Orchestra [Rb0UmrCXxVA].mp3
Jul 13 16:20 : update: added classique/mozart/The Best of Mozart - 018 18. Violin Concerto No. 3 in G major, K. 216 - I. Allegro.Budapest Scoring Symphonic Orchestra [Rb0UmrCXxVA].mp3
Jul 13 16:20 : update: added classique/mozart/The Best of Mozart - 017 17. Clarinet Concerto in A major, K. 622 - II. Adagio.Budapest Scoring Symphonic Orchestra [Rb0UmrCXxVA].mp3
Jul 13 16:20 : update: added classique/mozart/The Best of Mozart - 007 7. Symphony No 40 in G minor, KV. 550 - I. Molto Allegro.Budapest Scoring Symphonic Orchestra [Rb0UmrCXxVA].mp3
Jul 13 16:20 : update: added classique/mozart/The Best of Mozart [Rb0UmrCXxVA].mp3
Jul 13 16:20 : update: added classique/mozart/The Best of Mozart - 016 16. Piano Sonata No. 11 in A major, K. 331 - III. Alla Turca.Csabay Domonkos [Rb0UmrCXxVA].mp3
Jul 13 16:20 : update: added classique/mozart/The Best of Mozart - 014 14. Piano Concerto No. 21 in C major, K. 467 - II. Andante.Csabay Domonkos [Rb0UmrCXxVA].mp3
Jul 13 16:20 : update: added classique/mozart/The Best of Mozart - 008 8. The Magic Flute - Overture.Budapest Scoring Symphonic Orchestra [Rb0UmrCXxVA].mp3
Jul 13 16:20 : update: added classique/mozart/The Best of Mozart - 006 6. Symphony No 35 in D major, K. 385 (Haffner Symphony) - IV. Presto.Budapest Scoring Symphonic Orchestra [Rb0UmrCXxVA].mp3
Jul 13 16:20 : update: added classique/mozart/The Best of Mozart - 015 15. Piano Concerto No. 23 in A major, K. 488 - I. Allegro.Csabay Domonkos [Rb0UmrCXxVA].mp3
Jul 13 16:20 : update: added classique/mozart/The Best of Mozart - 001 1. Eine Kleine Nachtmusik, K. 525 - I. Allegro.Budapest Scoring Symphonic Orchestra [Rb0UmrCXxVA].mp3
Jul 13 16:20 : update: added classique/mozart/The Best of Mozart - 020 20. Horn Concerto No. 3 in E-flat major, K. 447 - II. Romance. Larghetto.Budapest Scoring Symphonic Orchestra [Rb0UmrCXxVA].mp3
Jul 13 16:20 : update: added classique/mozart/The Best of Mozart - 010 10. String Quartet No. 23 in F major, K. 590 - I. Allegro moderato.Accord quartet [Rb0UmrCXxVA].mp3
Jul 13 16:20 : update: added classique/mozart/The Best of Mozart - 002 2. Eine Kleine Nachtmusik, K. 525 - II. Romanze - Andante.Budapest Scoring Symphonic Orchestra [Rb0UmrCXxVA].mp3
Jul 13 16:20 : update: added classique/bernstein/Overture to Candide [haYuPdKZKYc].mp3
Jul 13 16:25 : exception: Access denied
Jul 13 16:26 : exception: No such directory
Jul 13 16:33 : player: played "chiptune/vario/Savant - Vario - 01 Splinter.flac"
Jul 13 16:39 : player: played "chiptune/vario/Savant - Vario - 01 Splinter.flac"
Jul 13 16:39 : player: played "chiptune/vario/Savant - Vario - 02 Vario.flac"
Jul 13 16:40 : exception: No such directory
Jul 13 16:46 : player: played "synthwave/lueur_verte/Lueur Verte - Crystalica - EP - 01 Lueur Verte's Theme.flac"
Jul 13 16:47 : player: played "synthwave/lueur_verte/Lueur Verte - Crystalica - EP - 02 Crystalica.flac"
Jul 13 16:48 : player: played "synthwave/lueur_verte/Lueur Verte - Crystalica - EP - 05 Frozen Tears.flac"
Jul 13 16:48 : player: played "synthwave/lueur_verte/Lueur Verte - Crystalica - EP - 01 Lueur Verte's Theme.flac"
Jul 13 16:50 : output: Failed to play on "My Pulse Output" (pulse): suspended
Jul 13 16:50 : exception: Failed to open audio output
Jul 13 16:53 : player: played "classique/bernstein/Overture to Candide [haYuPdKZKYc].mp3"
